[debug] [2025-10-08T12:39:24.008Z] ----------------------------------------------------------------------
[debug] [2025-10-08T12:39:24.011Z] Command:       C:\Program Files\nodejs\node.exe C:\Users\hp\AppData\Roaming\npm\node_modules\firebase-tools\lib\bin\firebase.js init
[debug] [2025-10-08T12:39:24.012Z] CLI Version:   14.19.0
[debug] [2025-10-08T12:39:24.012Z] Platform:      win32
[debug] [2025-10-08T12:39:24.012Z] Node Version:  v22.20.0
[debug] [2025-10-08T12:39:24.012Z] Time:          Wed Oct 08 2025 18:09:24 GMT+0530 (India Standard Time)
[debug] [2025-10-08T12:39:24.012Z] ----------------------------------------------------------------------
[debug] 
[debug] [2025-10-08T12:39:24.014Z] >>> [apiv2][query] GET https://firebase-public.firebaseio.com/cli.json [none]
[info] 
     ######## #### ########  ######## ########     ###     ######  ########
     ##        ##  ##     ## ##       ##     ##  ##   ##  ##       ##
     ######    ##  ########  ######   ########  #########  ######  ######
     ##        ##  ##    ##  ##       ##     ## ##     ##       ## ##
     ##       #### ##     ## ######## ########  ##     ##  ######  ########

You're about to initialize a Firebase project in this directory:

  C:\Users\hp\wealthwave-realty

[debug] [2025-10-08T12:39:24.635Z] <<< [apiv2][status] GET https://firebase-public.firebaseio.com/cli.json 200
[debug] [2025-10-08T12:39:24.636Z] <<< [apiv2][body] GET https://firebase-public.firebaseio.com/cli.json {"cloudBuildErrorAfter":1594252800000,"cloudBuildWarnAfter":1590019200000,"defaultNode10After":1594252800000,"minVersion":"3.0.5","node8DeploysDisabledAfter":1613390400000,"node8RuntimeDisabledAfter":1615809600000,"node8WarnAfter":1600128000000}
[info] 
=== Project Setup
[info] 
[info] First, let's associate this project directory with a Firebase project.
[info] You can create multiple project aliases by running firebase use --add, 
[info] 
[debug] [2025-10-08T12:42:10.851Z] > command requires scopes: ["email","openid","https://www.googleapis.com/auth/cloudplatformprojects.readonly","https://www.googleapis.com/auth/firebase","https://www.googleapis.com/auth/cloud-platform"]
[debug] [2025-10-08T12:42:10.853Z] > authorizing via signed-in user (jhalaksinghal29@gmail.com)
[debug] [2025-10-08T12:42:10.854Z] Checked if tokens are valid: false, expires at: 1743506552139
[debug] [2025-10-08T12:42:10.854Z] Checked if tokens are valid: false, expires at: 1743506552139
[debug] [2025-10-08T12:42:10.855Z] > refreshing access token with scopes: []
[debug] [2025-10-08T12:42:10.856Z] >>> [apiv2][query] POST https://www.googleapis.com/oauth2/v3/token [none]
[debug] [2025-10-08T12:42:10.856Z] >>> [apiv2][body] POST https://www.googleapis.com/oauth2/v3/token [omitted]
[debug] [2025-10-08T12:42:11.006Z] <<< [apiv2][status] POST https://www.googleapis.com/oauth2/v3/token 200
[debug] [2025-10-08T12:42:11.006Z] <<< [apiv2][body] POST https://www.googleapis.com/oauth2/v3/token [omitted]
[debug] [2025-10-08T12:42:11.020Z] >>> [apiv2][query] GET https://firebase.googleapis.com/v1beta1/projects pageSize=100
[debug] [2025-10-08T12:42:11.898Z] <<< [apiv2][status] GET https://firebase.googleapis.com/v1beta1/projects 200
[debug] [2025-10-08T12:42:11.898Z] <<< [apiv2][body] GET https://firebase.googleapis.com/v1beta1/projects [omitted]
